2015-12-25 09:22:56,880 [main] INFO  [com.dc.smarteam.common.utils.PropertiesLoader] - Could not load properties from path:smarteam.properties, class path resource [smarteam.properties] cannot be opened because it does not exist
2015-12-25 09:22:59,077 [main] ERROR [org.springframework.web.context.ContextLoader] - Context initialization failed
org.springframework.beans.factory.BeanInitializationException: Could not load properties; nested exception is java.io.FileNotFoundException: class path resource [jeesite.properties] cannot be opened because it does not exist
	at org.springframework.context.support.PropertySourcesPlaceholderConfigurer.postProcessBeanFactory(PropertySourcesPlaceholderConfigurer.java:151)
	at org.springframework.context.support.PostProcessorRegistrationDelegate.invokeBeanFactoryPostProcessors(PostProcessorRegistrationDelegate.java:265)
	at org.springframework.context.support.PostProcessorRegistrationDelegate.invokeBeanFactoryPostProcessors(PostProcessorRegistrationDelegate.java:162)
	at org.springframework.context.support.AbstractApplicationContext.invokeBeanFactoryPostProcessors(AbstractApplicationContext.java:611)
	at org.springframework.context.support.AbstractApplicationContext.refresh(AbstractApplicationContext.java:464)
	at org.springframework.web.context.ContextLoader.configureAndRefreshWebApplicationContext(ContextLoader.java:403)
	at org.springframework.web.context.ContextLoader.initWebApplicationContext(ContextLoader.java:306)
	at com.dc.smarteam.modules.sys.listener.WebContextListener.initWebApplicationContext(WebContextListener.java:16)
	at org.springframework.web.context.ContextLoaderListener.contextInitialized(ContextLoaderListener.java:106)
	at org.apache.catalina.core.StandardContext.listenerStart(StandardContext.java:4206)
	at org.apache.catalina.core.StandardContext.start(StandardContext.java:4705)
	at org.apache.catalina.core.ContainerBase.start(ContainerBase.java:1057)
	at org.apache.catalina.core.StandardHost.start(StandardHost.java:840)
	at org.apache.catalina.core.ContainerBase.start(ContainerBase.java:1057)
	at org.apache.catalina.core.StandardEngine.start(StandardEngine.java:463)
	at org.apache.catalina.startup.Embedded.start(Embedded.java:825)
	at org.apache.tomcat.maven.plugin.tomcat6.AbstractRunMojo.startContainer(AbstractRunMojo.java:997)
	at org.apache.tomcat.maven.plugin.tomcat6.AbstractRunMojo.execute(AbstractRunMojo.java:512)
	at org.apache.maven.plugin.DefaultPluginManager.executeMojo(DefaultPluginManager.java:490)
	at org.apache.maven.lifecycle.DefaultLifecycleExecutor.executeGoals(DefaultLifecycleExecutor.java:694)
	at org.apache.maven.lifecycle.DefaultLifecycleExecutor.executeStandaloneGoal(DefaultLifecycleExecutor.java:569)
	at org.apache.maven.lifecycle.DefaultLifecycleExecutor.executeGoal(DefaultLifecycleExecutor.java:539)
	at org.apache.maven.lifecycle.DefaultLifecycleExecutor.executeGoalAndHandleFailures(DefaultLifecycleExecutor.java:387)
	at org.apache.maven.lifecycle.DefaultLifecycleExecutor.executeTaskSegments(DefaultLifecycleExecutor.java:348)
	at org.apache.maven.lifecycle.DefaultLifecycleExecutor.execute(DefaultLifecycleExecutor.java:180)
	at org.apache.maven.DefaultMaven.doExecute(DefaultMaven.java:328)
	at org.apache.maven.DefaultMaven.execute(DefaultMaven.java:138)
	at org.apache.maven.cli.MavenCli.main(MavenCli.java:362)
	at org.apache.maven.cli.compat.CompatibleMain.main(CompatibleMain.java:60)
	at sun.reflect.NativeMethodAccessorImpl.invoke0(Native Method)
	at sun.reflect.NativeMethodAccessorImpl.invoke(NativeMethodAccessorImpl.java:57)
	at sun.reflect.DelegatingMethodAccessorImpl.invoke(DelegatingMethodAccessorImpl.java:43)
	at java.lang.reflect.Method.invoke(Method.java:606)
	at org.codehaus.classworlds.Launcher.launchEnhanced(Launcher.java:315)
	at org.codehaus.classworlds.Launcher.launch(Launcher.java:255)
	at org.codehaus.classworlds.Launcher.mainWithExitCode(Launcher.java:430)
	at org.codehaus.classworlds.Launcher.main(Launcher.java:375)
	at sun.reflect.NativeMethodAccessorImpl.invoke0(Native Method)
	at sun.reflect.NativeMethodAccessorImpl.invoke(NativeMethodAccessorImpl.java:57)
	at sun.reflect.DelegatingMethodAccessorImpl.invoke(DelegatingMethodAccessorImpl.java:43)
	at java.lang.reflect.Method.invoke(Method.java:606)
	at com.intellij.rt.execution.application.AppMain.main(AppMain.java:134)
Caused by: java.io.FileNotFoundException: class path resource [jeesite.properties] cannot be opened because it does not exist
	at org.springframework.core.io.ClassPathResource.getInputStream(ClassPathResource.java:172)
	at org.springframework.core.io.support.EncodedResource.getInputStream(EncodedResource.java:143)
	at org.springframework.core.io.support.PropertiesLoaderUtils.fillProperties(PropertiesLoaderUtils.java:98)
	at org.springframework.core.io.support.PropertiesLoaderSupport.loadProperties(PropertiesLoaderSupport.java:175)
	at org.springframework.core.io.support.PropertiesLoaderSupport.mergeProperties(PropertiesLoaderSupport.java:156)
	at org.springframework.context.support.PropertySourcesPlaceholderConfigurer.postProcessBeanFactory(PropertySourcesPlaceholderConfigurer.java:142)
	... 41 more
2015-12-25 09:26:15,393 [main] INFO  [com.dc.smarteam.common.utils.PropertiesLoader] - Could not load properties from path:smarteam.properties, class path resource [smarteam.properties] cannot be opened because it does not exist
2015-12-25 09:26:18,136 [main] ERROR [org.springframework.web.context.ContextLoader] - Context initialization failed
org.springframework.beans.factory.BeanInitializationException: Could not load properties; nested exception is java.io.FileNotFoundException: class path resource [jeesite.properties] cannot be opened because it does not exist
	at org.springframework.context.support.PropertySourcesPlaceholderConfigurer.postProcessBeanFactory(PropertySourcesPlaceholderConfigurer.java:151)
	at org.springframework.context.support.PostProcessorRegistrationDelegate.invokeBeanFactoryPostProcessors(PostProcessorRegistrationDelegate.java:265)
	at org.springframework.context.support.PostProcessorRegistrationDelegate.invokeBeanFactoryPostProcessors(PostProcessorRegistrationDelegate.java:162)
	at org.springframework.context.support.AbstractApplicationContext.invokeBeanFactoryPostProcessors(AbstractApplicationContext.java:611)
	at org.springframework.context.support.AbstractApplicationContext.refresh(AbstractApplicationContext.java:464)
	at org.springframework.web.context.ContextLoader.configureAndRefreshWebApplicationContext(ContextLoader.java:403)
	at org.springframework.web.context.ContextLoader.initWebApplicationContext(ContextLoader.java:306)
	at com.dc.smarteam.modules.sys.listener.WebContextListener.initWebApplicationContext(WebContextListener.java:16)
	at org.springframework.web.context.ContextLoaderListener.contextInitialized(ContextLoaderListener.java:106)
	at org.apache.catalina.core.StandardContext.listenerStart(StandardContext.java:4206)
	at org.apache.catalina.core.StandardContext.start(StandardContext.java:4705)
	at org.apache.catalina.core.ContainerBase.start(ContainerBase.java:1057)
	at org.apache.catalina.core.StandardHost.start(StandardHost.java:840)
	at org.apache.catalina.core.ContainerBase.start(ContainerBase.java:1057)
	at org.apache.catalina.core.StandardEngine.start(StandardEngine.java:463)
	at org.apache.catalina.startup.Embedded.start(Embedded.java:825)
	at org.apache.tomcat.maven.plugin.tomcat6.AbstractRunMojo.startContainer(AbstractRunMojo.java:997)
	at org.apache.tomcat.maven.plugin.tomcat6.AbstractRunMojo.execute(AbstractRunMojo.java:512)
	at org.apache.maven.plugin.DefaultPluginManager.executeMojo(DefaultPluginManager.java:490)
	at org.apache.maven.lifecycle.DefaultLifecycleExecutor.executeGoals(DefaultLifecycleExecutor.java:694)
	at org.apache.maven.lifecycle.DefaultLifecycleExecutor.executeStandaloneGoal(DefaultLifecycleExecutor.java:569)
	at org.apache.maven.lifecycle.DefaultLifecycleExecutor.executeGoal(DefaultLifecycleExecutor.java:539)
	at org.apache.maven.lifecycle.DefaultLifecycleExecutor.executeGoalAndHandleFailures(DefaultLifecycleExecutor.java:387)
	at org.apache.maven.lifecycle.DefaultLifecycleExecutor.executeTaskSegments(DefaultLifecycleExecutor.java:348)
	at org.apache.maven.lifecycle.DefaultLifecycleExecutor.execute(DefaultLifecycleExecutor.java:180)
	at org.apache.maven.DefaultMaven.doExecute(DefaultMaven.java:328)
	at org.apache.maven.DefaultMaven.execute(DefaultMaven.java:138)
	at org.apache.maven.cli.MavenCli.main(MavenCli.java:362)
	at org.apache.maven.cli.compat.CompatibleMain.main(CompatibleMain.java:60)
	at sun.reflect.NativeMethodAccessorImpl.invoke0(Native Method)
	at sun.reflect.NativeMethodAccessorImpl.invoke(NativeMethodAccessorImpl.java:57)
	at sun.reflect.DelegatingMethodAccessorImpl.invoke(DelegatingMethodAccessorImpl.java:43)
	at java.lang.reflect.Method.invoke(Method.java:606)
	at org.codehaus.classworlds.Launcher.launchEnhanced(Launcher.java:315)
	at org.codehaus.classworlds.Launcher.launch(Launcher.java:255)
	at org.codehaus.classworlds.Launcher.mainWithExitCode(Launcher.java:430)
	at org.codehaus.classworlds.Launcher.main(Launcher.java:375)
	at sun.reflect.NativeMethodAccessorImpl.invoke0(Native Method)
	at sun.reflect.NativeMethodAccessorImpl.invoke(NativeMethodAccessorImpl.java:57)
	at sun.reflect.DelegatingMethodAccessorImpl.invoke(DelegatingMethodAccessorImpl.java:43)
	at java.lang.reflect.Method.invoke(Method.java:606)
	at com.intellij.rt.execution.application.AppMain.main(AppMain.java:134)
Caused by: java.io.FileNotFoundException: class path resource [jeesite.properties] cannot be opened because it does not exist
	at org.springframework.core.io.ClassPathResource.getInputStream(ClassPathResource.java:172)
	at org.springframework.core.io.support.EncodedResource.getInputStream(EncodedResource.java:143)
	at org.springframework.core.io.support.PropertiesLoaderUtils.fillProperties(PropertiesLoaderUtils.java:98)
	at org.springframework.core.io.support.PropertiesLoaderSupport.loadProperties(PropertiesLoaderSupport.java:175)
	at org.springframework.core.io.support.PropertiesLoaderSupport.mergeProperties(PropertiesLoaderSupport.java:156)
	at org.springframework.context.support.PropertySourcesPlaceholderConfigurer.postProcessBeanFactory(PropertySourcesPlaceholderConfigurer.java:142)
	... 41 more
2015-12-25 09:29:12,622 [http-8181-1] DEBUG [com.dc.smarteam.common.security.shiro.session.CacheSessionDAO] - doCreate org.apache.shiro.session.mgt.SimpleSession,id=db11c63ae5f04451a93af7b24c9530b2 /smarteam/a
2015-12-25 09:29:12,628 [http-8181-1] DEBUG [com.dc.smarteam.common.security.shiro.session.CacheSessionDAO] - update db11c63ae5f04451a93af7b24c9530b2 /smarteam/a
2015-12-25 09:29:12,631 [http-8181-1] DEBUG [com.dc.smarteam.common.security.shiro.session.CacheSessionDAO] - readSession db11c63ae5f04451a93af7b24c9530b2 /smarteam/a
2015-12-25 09:29:12,632 [http-8181-1] DEBUG [com.dc.smarteam.common.security.shiro.session.CacheSessionDAO] - update db11c63ae5f04451a93af7b24c9530b2 /smarteam/a
2015-12-25 09:29:12,645 [http-8181-1] DEBUG [com.dc.smarteam.common.security.shiro.session.CacheSessionDAO] - readSession db11c63ae5f04451a93af7b24c9530b2 /smarteam/a/login;JSESSIONID=db11c63ae5f04451a93af7b24c9530b2
2015-12-25 09:29:12,645 [http-8181-1] DEBUG [com.dc.smarteam.common.security.shiro.session.CacheSessionDAO] - update db11c63ae5f04451a93af7b24c9530b2 /smarteam/a/login;JSESSIONID=db11c63ae5f04451a93af7b24c9530b2
2015-12-25 09:29:14,470 [http-8181-1] DEBUG [com.dc.smarteam.modules.sys.dao.DictDao.findAllList] - ==>  Preparing: SELECT * FROM sys_dict WHERE del_flag = ? ORDER BY type, sort, update_date DESC 
2015-12-25 09:29:14,485 [http-8181-1] DEBUG [com.dc.smarteam.modules.sys.dao.DictDao.findAllList] - ==> Parameters: 0(String)
2015-12-25 09:29:14,544 [http-8181-1] DEBUG [com.dc.smarteam.modules.sys.dao.DictDao.findAllList] - <==      Total: 76
2015-12-25 09:29:17,049 [http-8181-1] DEBUG [com.dc.smarteam.common.security.shiro.session.CacheSessionDAO] - readSession db11c63ae5f04451a93af7b24c9530b2 /smarteam/a/login
2015-12-25 09:29:17,050 [http-8181-1] DEBUG [com.dc.smarteam.common.security.shiro.session.CacheSessionDAO] - update db11c63ae5f04451a93af7b24c9530b2 /smarteam/a/login
2015-12-25 09:29:17,091 [http-8181-1] DEBUG [com.dc.smarteam.modules.sys.security.SystemAuthorizingRealm] - login submit, active session size: 1, username: thinkgem
2015-12-25 09:29:17,094 [http-8181-1] DEBUG [com.dc.smarteam.modules.sys.dao.UserDao.getByLoginName] - ==>  Preparing: SELECT a.id, a.company_id AS "company.id", a.office_id AS "office.id", a.login_name, a.password, a.no, a.name, a.email, a.phone, a.mobile, a.user_type, a.login_ip, a.login_date, a.remarks, a.login_flag, a.photo, a.create_by AS "createBy.id", a.create_date, a.update_by AS "updateBy.id", a.update_date, a.del_flag, c.name AS "company.name", c.parent_id AS "company.parent.id", c.parent_ids AS "company.parentIds", ca.id AS "company.area.id", ca.name AS "company.area.name", ca.parent_id AS "company.area.parent.id", ca.parent_ids AS "company.area.parentIds", o.name AS "office.name", o.parent_id AS "office.parent.id", o.parent_ids AS "office.parentIds", oa.id AS "office.area.id", oa.name AS "office.area.name", oa.parent_id AS "office.area.parent.id", oa.parent_ids AS "office.area.parentIds", cu.id AS "company.primaryPerson.id", cu.name AS "company.primaryPerson.name", cu2.id AS "company.deputyPerson.id", cu2.name AS "company.deputyPerson.name", ou.id AS "office.primaryPerson.id", ou.name AS "office.primaryPerson.name", ou2.id AS "office.deputyPerson.id", ou2.name AS "office.deputyPerson.name" FROM sys_user a JOIN sys_office c ON c.id = a.company_id JOIN sys_area ca ON ca.id = c.area_id JOIN sys_office o ON o.id = a.office_id JOIN sys_area oa ON oa.id = o.area_id LEFT JOIN sys_user cu ON cu.id = c.primary_person LEFT JOIN sys_user cu2 ON cu2.id = c.deputy_person LEFT JOIN sys_user ou ON ou.id = o.primary_person LEFT JOIN sys_user ou2 ON ou2.id = o.deputy_person WHERE a.login_name = ? AND a.del_flag = ? 
2015-12-25 09:29:17,094 [http-8181-1] DEBUG [com.dc.smarteam.modules.sys.dao.UserDao.getByLoginName] - ==> Parameters: thinkgem(String), 0(String)
2015-12-25 09:29:17,105 [http-8181-1] DEBUG [com.dc.smarteam.modules.sys.dao.UserDao.getByLoginName] - <==      Total: 1
2015-12-25 09:29:17,160 [http-8181-1] DEBUG [com.dc.smarteam.modules.sys.dao.RoleDao.findList] - ==>  Preparing: SELECT a.id, a.office_id AS "office.id", a.name, a.enname, a.role_type AS roleType, a.data_scope AS dataScope, a.remarks, a.create_by AS "createBy.id", a.create_date, a.update_by AS "updateBy.id", a.update_date, a.del_flag, o.name AS "office.name", o.code, a.useable AS useable, a.is_sys AS sysData , ro.office_id AS "officeList.id" FROM sys_role a LEFT JOIN sys_office o ON o.id = a.office_id LEFT JOIN sys_user_role ur ON ur.role_id = a.id LEFT JOIN sys_user u ON u.id = ur.user_id LEFT JOIN sys_role_office ro ON ro.role_id = a.id WHERE a.del_flag = ? AND a.useable=? AND u.id = ? AND u.login_name = ? ORDER BY o.code, a.name 
2015-12-25 09:29:17,161 [http-8181-1] DEBUG [com.dc.smarteam.modules.sys.dao.RoleDao.findList] - ==> Parameters: 0(String), 1(String), 1(String), thinkgem(String)
2015-12-25 09:29:17,165 [http-8181-1] DEBUG [com.dc.smarteam.modules.sys.dao.RoleDao.findList] - <==      Total: 2
2015-12-25 09:29:17,194 [http-8181-1] DEBUG [com.dc.smarteam.common.security.shiro.session.CacheSessionDAO] - update db11c63ae5f04451a93af7b24c9530b2 /smarteam/a/login
2015-12-25 09:29:17,195 [http-8181-1] DEBUG [com.dc.smarteam.common.security.shiro.session.CacheSessionDAO] - update db11c63ae5f04451a93af7b24c9530b2 /smarteam/a/login
2015-12-25 09:29:17,199 [http-8181-1] DEBUG [com.dc.smarteam.common.security.shiro.session.CacheSessionDAO] - readSession db11c63ae5f04451a93af7b24c9530b2 /smarteam/a
2015-12-25 09:29:17,199 [http-8181-1] DEBUG [com.dc.smarteam.common.security.shiro.session.CacheSessionDAO] - update db11c63ae5f04451a93af7b24c9530b2 /smarteam/a
2015-12-25 09:29:17,213 [http-8181-1] DEBUG [com.dc.smarteam.modules.sys.interceptor.LogInterceptor] - 开始计时: 09:29:17.212  URI: /smarteam/a
2015-12-25 09:29:17,221 [http-8181-1] DEBUG [com.dc.smarteam.modules.sys.dao.MenuDao.findAllList] - ==>  Preparing: SELECT a.id, a.parent_id AS "parent.id", a.parent_ids, a.name, a.href, a.target, a.icon, a.sort, a.is_show, a.permission, a.remarks, a.create_by AS "createBy.id", a.create_date, a.update_by AS "updateBy.id", a.update_date, a.del_flag, p.name AS "parent.name" FROM sys_menu a LEFT JOIN sys_menu p ON p.id = a.parent_id WHERE a.del_flag = ? ORDER BY a.sort 
2015-12-25 09:29:17,221 [http-8181-1] DEBUG [com.dc.smarteam.modules.sys.dao.MenuDao.findAllList] - ==> Parameters: 0(String)
2015-12-25 09:29:17,326 [http-8181-1] DEBUG [com.dc.smarteam.modules.sys.dao.MenuDao.findAllList] - <==      Total: 100
2015-12-25 09:29:17,326 [http-8181-1] DEBUG [com.dc.smarteam.common.security.shiro.session.CacheSessionDAO] - update db11c63ae5f04451a93af7b24c9530b2 /smarteam/a
2015-12-25 09:29:17,329 [http-8181-1] DEBUG [com.dc.smarteam.modules.sys.dao.UserDao.updateLoginInfo] - ==>  Preparing: UPDATE sys_user SET login_ip = ?, login_Date = ? WHERE id = ? 
2015-12-25 09:29:17,331 [http-8181-1] DEBUG [com.dc.smarteam.modules.sys.dao.UserDao.updateLoginInfo] - ==> Parameters: 0:0:0:0:0:0:0:1(String), 2015-12-25 09:29:17.329(Timestamp), 1(String)
2015-12-25 09:29:17,333 [http-8181-1] DEBUG [com.dc.smarteam.modules.sys.dao.UserDao.updateLoginInfo] - <==    Updates: 1
2015-12-25 09:29:17,355 [SaveLogThread] DEBUG [com.dc.smarteam.common.security.shiro.session.CacheSessionDAO] - readSession db11c63ae5f04451a93af7b24c9530b2 
2015-12-25 09:29:17,356 [SaveLogThread] DEBUG [com.dc.smarteam.modules.sys.dao.LogDao.insert] - ==>  Preparing: INSERT INTO sys_log( id, type, title, create_by, create_date, remote_addr, user_agent, request_uri, method, params, exception ) VALUES ( ?, ?, ?, ?, ?, ?, ?, ?, ?, ?, ? ) 
2015-12-25 09:29:17,358 [SaveLogThread] DEBUG [com.dc.smarteam.modules.sys.dao.LogDao.insert] - ==> Parameters: a4f09fe02b374e999ef4516d98c97b02(String), 1(String), 系统登录(String), 1(String), 2015-12-25 09:29:17.356(Timestamp), 0:0:0:0:0:0:0:1(String), Mozilla/5.0 (Macintosh; Intel Mac OS X 10_10_5) AppleWebKit/537.36 (KHTML, like Gecko) Chrome/42.0.2311.152 Safari/537.36(String), /smarteam/a(String), GET(String), login=(String), (String)
2015-12-25 09:29:17,362 [SaveLogThread] DEBUG [com.dc.smarteam.modules.sys.dao.LogDao.insert] - <==    Updates: 1
2015-12-25 09:29:17,368 [http-8181-1] INFO  [com.dc.smarteam.modules.sys.interceptor.LogInterceptor] - ViewName: modules/sys/sysIndex
2015-12-25 09:29:17,769 [http-8181-1] DEBUG [com.dc.smarteam.modules.sys.interceptor.LogInterceptor] - 计时结束：09:29:17.769  耗时：0:0:0.557  URI: /smarteam/a  最大内存: 3641m  已分配内存: 1025m  已分配内存中的剩余空间: 687m  最大可用内存: 3303m
2015-12-25 09:29:17,771 [SaveLogThread] DEBUG [com.dc.smarteam.modules.sys.dao.MenuDao.findAllList] - ==>  Preparing: SELECT a.id, a.parent_id AS "parent.id", a.parent_ids, a.name, a.href, a.target, a.icon, a.sort, a.is_show, a.permission, a.remarks, a.create_by AS "createBy.id", a.create_date, a.update_by AS "updateBy.id", a.update_date, a.del_flag, p.name AS "parent.name" FROM sys_menu a LEFT JOIN sys_menu p ON p.id = a.parent_id WHERE a.del_flag = ? ORDER BY a.sort 
2015-12-25 09:29:17,772 [SaveLogThread] DEBUG [com.dc.smarteam.modules.sys.dao.MenuDao.findAllList] - ==> Parameters: 0(String)
2015-12-25 09:29:17,903 [SaveLogThread] DEBUG [com.dc.smarteam.modules.sys.dao.MenuDao.findAllList] - <==      Total: 100
2015-12-25 09:29:18,052 [http-8181-1] DEBUG [com.dc.smarteam.common.security.shiro.session.CacheSessionDAO] - readSession db11c63ae5f04451a93af7b24c9530b2 /smarteam/a/sys/menu/tree
2015-12-25 09:29:18,052 [http-8181-1] DEBUG [com.dc.smarteam.common.security.shiro.session.CacheSessionDAO] - update db11c63ae5f04451a93af7b24c9530b2 /smarteam/a/sys/menu/tree
2015-12-25 09:29:18,124 [http-8181-2] DEBUG [com.dc.smarteam.common.security.shiro.session.CacheSessionDAO] - readSession db11c63ae5f04451a93af7b24c9530b2 /smarteam/a/oa/oaNotify/self/count
2015-12-25 09:29:18,614 [http-8181-1] DEBUG [com.dc.smarteam.common.security.shiro.session.CacheSessionDAO] - readSession db11c63ae5f04451a93af7b24c9530b2 /smarteam/a/sys/user/info
2015-12-25 09:29:18,615 [http-8181-1] DEBUG [com.dc.smarteam.common.security.shiro.session.CacheSessionDAO] - update db11c63ae5f04451a93af7b24c9530b2 /smarteam/a/sys/user/info
2015-12-25 09:29:18,691 [http-8181-1] DEBUG [com.dc.smarteam.modules.sys.interceptor.LogInterceptor] - 开始计时: 09:29:18.691  URI: /smarteam/a/sys/user/info
2015-12-25 09:29:18,729 [http-8181-1] INFO  [com.dc.smarteam.modules.sys.interceptor.LogInterceptor] - ViewName: modules/sys/userInfo
2015-12-25 09:29:19,813 [http-8181-1] DEBUG [com.dc.smarteam.modules.sys.interceptor.LogInterceptor] - 计时结束：09:29:19.813  耗时：0:0:1.122  URI: /smarteam/a/sys/user/info  最大内存: 3641m  已分配内存: 1025m  已分配内存中的剩余空间: 527m  最大可用内存: 3142m
2015-12-25 09:29:19,813 [SaveLogThread] DEBUG [com.dc.smarteam.common.security.shiro.session.CacheSessionDAO] - readSession db11c63ae5f04451a93af7b24c9530b2 
2015-12-25 09:29:19,814 [SaveLogThread] DEBUG [com.dc.smarteam.modules.sys.dao.LogDao.insert] - ==>  Preparing: INSERT INTO sys_log( id, type, title, create_by, create_date, remote_addr, user_agent, request_uri, method, params, exception ) VALUES ( ?, ?, ?, ?, ?, ?, ?, ?, ?, ?, ? ) 
2015-12-25 09:29:19,815 [SaveLogThread] DEBUG [com.dc.smarteam.modules.sys.dao.LogDao.insert] - ==> Parameters: fc5a81bca67e494a97f254bcf5dc01ad(String), 1(String), 我的面板-个人信息-个人信息(String), 1(String), 2015-12-25 09:29:19.814(Timestamp), 0:0:0:0:0:0:0:1(String), Mozilla/5.0 (Macintosh; Intel Mac OS X 10_10_5) AppleWebKit/537.36 (KHTML, like Gecko) Chrome/42.0.2311.152 Safari/537.36(String), /smarteam/a/sys/user/info(String), GET(String), tabPageId=jerichotabiframe_0(String), (String)
2015-12-25 09:29:19,818 [SaveLogThread] DEBUG [com.dc.smarteam.modules.sys.dao.LogDao.insert] - <==    Updates: 1
2015-12-25 09:29:21,642 [http-8181-1] DEBUG [com.dc.smarteam.common.security.shiro.session.CacheSessionDAO] - readSession db11c63ae5f04451a93af7b24c9530b2 /smarteam/a/sys/menu/tree
2015-12-25 09:29:21,642 [http-8181-1] DEBUG [com.dc.smarteam.common.security.shiro.session.CacheSessionDAO] - update db11c63ae5f04451a93af7b24c9530b2 /smarteam/a/sys/menu/tree
2015-12-25 09:29:21,720 [http-8181-1] DEBUG [com.dc.smarteam.common.security.shiro.session.CacheSessionDAO] - readSession db11c63ae5f04451a93af7b24c9530b2 /smarteam/a/protocol/eamProtocol
2015-12-25 09:29:21,721 [http-8181-1] DEBUG [com.dc.smarteam.common.security.shiro.session.CacheSessionDAO] - update db11c63ae5f04451a93af7b24c9530b2 /smarteam/a/protocol/eamProtocol
2015-12-25 09:29:21,732 [http-8181-1] DEBUG [com.dc.smarteam.modules.sys.interceptor.LogInterceptor] - 开始计时: 09:29:21.732  URI: /smarteam/a/protocol/eamProtocol
2015-12-25 09:29:21,789 [http-8181-1] DEBUG [com.dc.smarteam.common.persistence.interceptor.PaginationInterceptor] - COUNT SQL: select count(1) from (SELECT         a.id AS "id",   a.name AS "name",   a.chinese_name AS "chineseName",   a.update_by AS "updateBy.id",   a.update_date AS "updateDate",   a.create_date AS "createDate",   a.create_by AS "createBy.id",   a.remarks AS "remarks",   a.del_flg AS "delFlg",   a.address AS "address",   a.link_type AS "linkType",   a.maxpackage AS "maxpackage"      FROM eam_protocol a                     ORDER BY a.update_date DESC) tmp_count
2015-12-25 09:29:21,791 [http-8181-1] DEBUG [com.dc.smarteam.modules.protocol.dao.EamProtocolDao.findList] - ==>  Preparing: select * from ( SELECT a.id AS "id", a.name AS "name", a.chinese_name AS "chineseName", a.update_by AS "updateBy.id", a.update_date AS "updateDate", a.create_date AS "createDate", a.create_by AS "createBy.id", a.remarks AS "remarks", a.del_flg AS "delFlg", a.address AS "address", a.link_type AS "linkType", a.maxpackage AS "maxpackage" FROM eam_protocol a ORDER BY a.update_date DESC ) where rownum <= 30 
2015-12-25 09:29:21,792 [http-8181-1] DEBUG [com.dc.smarteam.modules.protocol.dao.EamProtocolDao.findList] - ==> Parameters: 
2015-12-25 09:29:21,794 [http-8181-1] DEBUG [com.dc.smarteam.modules.protocol.dao.EamProtocolDao.findList] - <==      Total: 0
2015-12-25 09:29:21,798 [http-8181-1] INFO  [com.dc.smarteam.modules.sys.interceptor.LogInterceptor] - ViewName: modules/protocol/eamProtocolList
2015-12-25 09:29:22,065 [http-8181-1] DEBUG [com.dc.smarteam.modules.sys.interceptor.LogInterceptor] - 计时结束：09:29:22.065  耗时：0:0:0.333  URI: /smarteam/a/protocol/eamProtocol  最大内存: 3641m  已分配内存: 1025m  已分配内存中的剩余空间: 448m  最大可用内存: 3063m
2015-12-25 09:29:22,065 [SaveLogThread] DEBUG [com.dc.smarteam.common.security.shiro.session.CacheSessionDAO] - readSession db11c63ae5f04451a93af7b24c9530b2 
2015-12-25 09:29:22,066 [SaveLogThread] DEBUG [com.dc.smarteam.modules.sys.dao.LogDao.insert] - ==>  Preparing: INSERT INTO sys_log( id, type, title, create_by, create_date, remote_addr, user_agent, request_uri, method, params, exception ) VALUES ( ?, ?, ?, ?, ?, ?, ?, ?, ?, ?, ? ) 
2015-12-25 09:29:22,067 [SaveLogThread] DEBUG [com.dc.smarteam.modules.sys.dao.LogDao.insert] - ==> Parameters: e24f6bfa957c40cc9e86d4a5e8a5f9e1(String), 1(String), 应用架构-交易线标准模型-协议管理(String), 1(String), 2015-12-25 09:29:22.066(Timestamp), 0:0:0:0:0:0:0:1(String), Mozilla/5.0 (Macintosh; Intel Mac OS X 10_10_5) AppleWebKit/537.36 (KHTML, like Gecko) Chrome/42.0.2311.152 Safari/537.36(String), /smarteam/a/protocol/eamProtocol(String), GET(String), tabPageId=jerichotabiframe_1(String), (String)
2015-12-25 09:29:22,071 [SaveLogThread] DEBUG [com.dc.smarteam.modules.sys.dao.LogDao.insert] - <==    Updates: 1
2015-12-25 09:29:25,326 [http-8181-1] DEBUG [com.dc.smarteam.common.security.shiro.session.CacheSessionDAO] - readSession db11c63ae5f04451a93af7b24c9530b2 /smarteam/a/layer/eamAaLayer
2015-12-25 09:29:25,327 [http-8181-1] DEBUG [com.dc.smarteam.common.security.shiro.session.CacheSessionDAO] - update db11c63ae5f04451a93af7b24c9530b2 /smarteam/a/layer/eamAaLayer
2015-12-25 09:29:25,416 [http-8181-1] DEBUG [com.dc.smarteam.modules.sys.interceptor.LogInterceptor] - 开始计时: 09:29:25.416  URI: /smarteam/a/layer/eamAaLayer
2015-12-25 09:29:25,420 [SaveLogThread] DEBUG [com.dc.smarteam.common.security.shiro.session.CacheSessionDAO] - readSession db11c63ae5f04451a93af7b24c9530b2 
2015-12-25 09:29:25,420 [http-8181-1] DEBUG [com.dc.smarteam.modules.sys.interceptor.LogInterceptor] - 计时结束：09:29:25.420  耗时：0:0:0.4  URI: /smarteam/a/layer/eamAaLayer  最大内存: 3641m  已分配内存: 1025m  已分配内存中的剩余空间: 442m  最大可用内存: 3057m
2015-12-25 09:29:25,420 [SaveLogThread] DEBUG [com.dc.smarteam.modules.sys.dao.LogDao.insert] - ==>  Preparing: INSERT INTO sys_log( id, type, title, create_by, create_date, remote_addr, user_agent, request_uri, method, params, exception ) VALUES ( ?, ?, ?, ?, ?, ?, ?, ?, ?, ?, ? ) 
2015-12-25 09:29:25,421 [SaveLogThread] DEBUG [com.dc.smarteam.modules.sys.dao.LogDao.insert] - ==> Parameters: d00db30c204048eba8a3cea3a123d60d(String), 1(String), 应用架构-应用系统-架构层次管理(String), 1(String), 2015-12-25 09:29:25.42(Timestamp), 0:0:0:0:0:0:0:1(String), Mozilla/5.0 (Macintosh; Intel Mac OS X 10_10_5) AppleWebKit/537.36 (KHTML, like Gecko) Chrome/42.0.2311.152 Safari/537.36(String), /smarteam/a/layer/eamAaLayer(String), GET(String), tabPageId=jerichotabiframe_2(String), (String)
2015-12-25 09:29:25,425 [SaveLogThread] DEBUG [com.dc.smarteam.modules.sys.dao.LogDao.insert] - <==    Updates: 1
2015-12-25 09:30:18,466 [http-8181-1] DEBUG [com.dc.smarteam.common.security.shiro.session.CacheSessionDAO] - readSession db11c63ae5f04451a93af7b24c9530b2 /smarteam/a/oa/oaNotify/self/count
2015-12-25 09:31:19,500 [http-8181-1] DEBUG [com.dc.smarteam.common.security.shiro.session.CacheSessionDAO] - readSession db11c63ae5f04451a93af7b24c9530b2 /smarteam/a/oa/oaNotify/self/count
